{"/home/jigga/CSE341-FINAL-PROJECT/controllers/cart.js": {"path":"/home/jigga/CSE341-FINAL-PROJECT/controllers/cart.js","statementMap":{"0":{"start":{"line":1,"column":16},"end":{"line":1,"column":43}},"1":{"start":{"line":2,"column":17},"end":{"line":2,"column":44}},"2":{"start":{"line":5,"column":19},"end":{"line":43,"column":1}},"3":{"start":{"line":7,"column":2},"end":{"line":42,"column":3}},"4":{"start":{"line":8,"column":30},"end":{"line":8,"column":38}},"5":{"start":{"line":9,"column":31},"end":{"line":9,"column":80}},"6":{"start":{"line":10,"column":27},"end":{"line":10,"column":73}},"7":{"start":{"line":12,"column":21},"end":{"line":12,"column":22}},"8":{"start":{"line":15,"column":4},"end":{"line":28,"column":5}},"9":{"start":{"line":16,"column":22},"end":{"line":16,"column":93}},"10":{"start":{"line":18,"column":6},"end":{"line":20,"column":7}},"11":{"start":{"line":19,"column":8},"end":{"line":19,"column":113}},"12":{"start":{"line":22,"column":6},"end":{"line":22,"column":50}},"13":{"start":{"line":24,"column":6},"end":{"line":27,"column":8}},"14":{"start":{"line":30,"column":17},"end":{"line":35,"column":5}},"15":{"start":{"line":37,"column":19},"end":{"line":37,"column":55}},"16":{"start":{"line":38,"column":4},"end":{"line":38,"column":82}},"17":{"start":{"line":40,"column":4},"end":{"line":40,"column":49}},"18":{"start":{"line":41,"column":4},"end":{"line":41,"column":68}},"19":{"start":{"line":46,"column":20},"end":{"line":63,"column":1}},"20":{"start":{"line":48,"column":2},"end":{"line":62,"column":3}},"21":{"start":{"line":49,"column":19},"end":{"line":49,"column":32}},"22":{"start":{"line":50,"column":27},"end":{"line":50,"column":73}},"23":{"start":{"line":52,"column":17},"end":{"line":52,"column":76}},"24":{"start":{"line":54,"column":4},"end":{"line":56,"column":5}},"25":{"start":{"line":55,"column":6},"end":{"line":55,"column":65}},"26":{"start":{"line":58,"column":4},"end":{"line":58,"column":19}},"27":{"start":{"line":60,"column":4},"end":{"line":60,"column":49}},"28":{"start":{"line":61,"column":4},"end":{"line":61,"column":68}},"29":{"start":{"line":66,"column":19},"end":{"line":105,"column":1}},"30":{"start":{"line":68,"column":2},"end":{"line":104,"column":3}},"31":{"start":{"line":69,"column":19},"end":{"line":69,"column":32}},"32":{"start":{"line":70,"column":22},"end":{"line":70,"column":30}},"33":{"start":{"line":71,"column":27},"end":{"line":71,"column":73}},"34":{"start":{"line":72,"column":31},"end":{"line":72,"column":80}},"35":{"start":{"line":73,"column":21},"end":{"line":73,"column":22}},"36":{"start":{"line":74,"column":4},"end":{"line":82,"column":5}},"37":{"start":{"line":75,"column":22},"end":{"line":75,"column":93}},"38":{"start":{"line":77,"column":6},"end":{"line":79,"column":7}},"39":{"start":{"line":78,"column":8},"end":{"line":78,"column":113}},"40":{"start":{"line":81,"column":6},"end":{"line":81,"column":50}},"41":{"start":{"line":91,"column":25},"end":{"line":94,"column":5}},"42":{"start":{"line":96,"column":4},"end":{"line":98,"column":5}},"43":{"start":{"line":97,"column":6},"end":{"line":97,"column":65}},"44":{"start":{"line":100,"column":4},"end":{"line":100,"column":55}},"45":{"start":{"line":102,"column":4},"end":{"line":102,"column":49}},"46":{"start":{"line":103,"column":4},"end":{"line":103,"column":68}},"47":{"start":{"line":108,"column":19},"end":{"line":125,"column":1}},"48":{"start":{"line":110,"column":2},"end":{"line":124,"column":3}},"49":{"start":{"line":111,"column":19},"end":{"line":111,"column":32}},"50":{"start":{"line":112,"column":27},"end":{"line":112,"column":73}},"51":{"start":{"line":114,"column":25},"end":{"line":114,"column":86}},"52":{"start":{"line":116,"column":4},"end":{"line":118,"column":5}},"53":{"start":{"line":117,"column":6},"end":{"line":117,"column":65}},"54":{"start":{"line":120,"column":4},"end":{"line":120,"column":55}},"55":{"start":{"line":122,"column":4},"end":{"line":122,"column":49}},"56":{"start":{"line":123,"column":4},"end":{"line":123,"column":68}},"57":{"start":{"line":127,"column":0},"end":{"line":133,"column":2}}},"fnMap":{"0":{"name":"(anonymous_0)","decl":{"start":{"line":5,"column":19},"end":{"line":5,"column":20}},"loc":{"start":{"line":5,"column":39},"end":{"line":43,"column":1}},"line":5},"1":{"name":"(anonymous_1)","decl":{"start":{"line":46,"column":20},"end":{"line":46,"column":21}},"loc":{"start":{"line":46,"column":40},"end":{"line":63,"column":1}},"line":46},"2":{"name":"(anonymous_2)","decl":{"start":{"line":66,"column":19},"end":{"line":66,"column":20}},"loc":{"start":{"line":66,"column":39},"end":{"line":105,"column":1}},"line":66},"3":{"name":"(anonymous_3)","decl":{"start":{"line":108,"column":19},"end":{"line":108,"column":20}},"loc":{"start":{"line":108,"column":39},"end":{"line":125,"column":1}},"line":108}},"branchMap":{"0":{"loc":{"start":{"line":18,"column":6},"end":{"line":20,"column":7}},"type":"if","locations":[{"start":{"line":18,"column":6},"end":{"line":20,"column":7}},{"start":{},"end":{}}],"line":18},"1":{"loc":{"start":{"line":18,"column":10},"end":{"line":18,"column":51}},"type":"binary-expr","locations":[{"start":{"line":18,"column":10},"end":{"line":18,"column":18}},{"start":{"line":18,"column":22},"end":{"line":18,"column":51}}],"line":18},"2":{"loc":{"start":{"line":19,"column":73},"end":{"line":19,"column":107}},"type":"binary-expr","locations":[{"start":{"line":19,"column":73},"end":{"line":19,"column":86}},{"start":{"line":19,"column":90},"end":{"line":19,"column":107}}],"line":19},"3":{"loc":{"start":{"line":54,"column":4},"end":{"line":56,"column":5}},"type":"if","locations":[{"start":{"line":54,"column":4},"end":{"line":56,"column":5}},{"start":{},"end":{}}],"line":54},"4":{"loc":{"start":{"line":77,"column":6},"end":{"line":79,"column":7}},"type":"if","locations":[{"start":{"line":77,"column":6},"end":{"line":79,"column":7}},{"start":{},"end":{}}],"line":77},"5":{"loc":{"start":{"line":77,"column":10},"end":{"line":77,"column":51}},"type":"binary-expr","locations":[{"start":{"line":77,"column":10},"end":{"line":77,"column":18}},{"start":{"line":77,"column":22},"end":{"line":77,"column":51}}],"line":77},"6":{"loc":{"start":{"line":78,"column":73},"end":{"line":78,"column":107}},"type":"binary-expr","locations":[{"start":{"line":78,"column":73},"end":{"line":78,"column":86}},{"start":{"line":78,"column":90},"end":{"line":78,"column":107}}],"line":78},"7":{"loc":{"start":{"line":96,"column":4},"end":{"line":98,"column":5}},"type":"if","locations":[{"start":{"line":96,"column":4},"end":{"line":98,"column":5}},{"start":{},"end":{}}],"line":96},"8":{"loc":{"start":{"line":116,"column":4},"end":{"line":118,"column":5}},"type":"if","locations":[{"start":{"line":116,"column":4},"end":{"line":118,"column":5}},{"start":{},"end":{}}],"line":116}},"s":{"0":1,"1":1,"2":1,"3":0,"4":0,"5":0,"6":0,"7":0,"8":0,"9":0,"10":0,"11":0,"12":0,"13":0,"14":0,"15":0,"16":0,"17":0,"18":0,"19":1,"20":1,"21":1,"22":1,"23":1,"24":0,"25":0,"26":0,"27":1,"28":1,"29":1,"30":0,"31":0,"32":0,"33":0,"34":0,"35":0,"36":0,"37":0,"38":0,"39":0,"40":0,"41":0,"42":0,"43":0,"44":0,"45":0,"46":0,"47":1,"48":0,"49":0,"50":0,"51":0,"52":0,"53":0,"54":0,"55":0,"56":0,"57":1},"f":{"0":0,"1":1,"2":0,"3":0},"b":{"0":[0,0],"1":[0,0],"2":[0,0],"3":[0,0],"4":[0,0],"5":[0,0],"6":[0,0],"7":[0,0],"8":[0,0]},"_coverageSchema":"1a1c01bbd47fc00a2c39e90264f33305004495a9","hash":"814f497702b148c30101ced11ad37b30e4d0e717"}
,"/home/jigga/CSE341-FINAL-PROJECT/controllers/categories.js": {"path":"/home/jigga/CSE341-FINAL-PROJECT/controllers/categories.js","statementMap":{"0":{"start":{"line":1,"column":16},"end":{"line":1,"column":43}},"1":{"start":{"line":2,"column":17},"end":{"line":2,"column":44}},"2":{"start":{"line":4,"column":25},"end":{"line":27,"column":1}},"3":{"start":{"line":6,"column":4},"end":{"line":26,"column":5}},"4":{"start":{"line":8,"column":23},"end":{"line":12,"column":19}},"5":{"start":{"line":15,"column":22},"end":{"line":15,"column":44}},"6":{"start":{"line":18,"column":8},"end":{"line":18,"column":58}},"7":{"start":{"line":19,"column":8},"end":{"line":19,"column":36}},"8":{"start":{"line":22,"column":8},"end":{"line":22,"column":59}},"9":{"start":{"line":25,"column":8},"end":{"line":25,"column":89}},"10":{"start":{"line":29,"column":26},"end":{"line":62,"column":1}},"11":{"start":{"line":31,"column":4},"end":{"line":61,"column":5}},"12":{"start":{"line":33,"column":8},"end":{"line":35,"column":9}},"13":{"start":{"line":34,"column":12},"end":{"line":34,"column":72}},"14":{"start":{"line":37,"column":23},"end":{"line":37,"column":50}},"15":{"start":{"line":40,"column":23},"end":{"line":44,"column":34}},"16":{"start":{"line":47,"column":22},"end":{"line":47,"column":44}},"17":{"start":{"line":50,"column":8},"end":{"line":52,"column":9}},"18":{"start":{"line":51,"column":12},"end":{"line":51,"column":73}},"19":{"start":{"line":55,"column":8},"end":{"line":55,"column":58}},"20":{"start":{"line":56,"column":8},"end":{"line":56,"column":39}},"21":{"start":{"line":59,"column":8},"end":{"line":59,"column":57}},"22":{"start":{"line":60,"column":8},"end":{"line":60,"column":92}},"23":{"start":{"line":64,"column":23},"end":{"line":94,"column":1}},"24":{"start":{"line":66,"column":4},"end":{"line":93,"column":5}},"25":{"start":{"line":67,"column":37},"end":{"line":67,"column":45}},"26":{"start":{"line":70,"column":8},"end":{"line":72,"column":9}},"27":{"start":{"line":71,"column":12},"end":{"line":71,"column":89}},"28":{"start":{"line":75,"column":37},"end":{"line":75,"column":94}},"29":{"start":{"line":78,"column":27},"end":{"line":81,"column":9}},"30":{"start":{"line":83,"column":23},"end":{"line":83,"column":72}},"31":{"start":{"line":86,"column":8},"end":{"line":89,"column":11}},"32":{"start":{"line":91,"column":8},"end":{"line":91,"column":55}},"33":{"start":{"line":92,"column":8},"end":{"line":92,"column":67}},"34":{"start":{"line":96,"column":23},"end":{"line":125,"column":1}},"35":{"start":{"line":98,"column":4},"end":{"line":124,"column":5}},"36":{"start":{"line":99,"column":23},"end":{"line":99,"column":33}},"37":{"start":{"line":100,"column":8},"end":{"line":102,"column":9}},"38":{"start":{"line":101,"column":12},"end":{"line":101,"column":88}},"39":{"start":{"line":104,"column":8},"end":{"line":106,"column":9}},"40":{"start":{"line":105,"column":12},"end":{"line":105,"column":73}},"41":{"start":{"line":109,"column":35},"end":{"line":109,"column":92}},"42":{"start":{"line":112,"column":23},"end":{"line":112,"column":84}},"43":{"start":{"line":115,"column":8},"end":{"line":117,"column":9}},"44":{"start":{"line":116,"column":12},"end":{"line":116,"column":74}},"45":{"start":{"line":120,"column":8},"end":{"line":120,"column":76}},"46":{"start":{"line":122,"column":8},"end":{"line":122,"column":57}},"47":{"start":{"line":123,"column":8},"end":{"line":123,"column":70}},"48":{"start":{"line":129,"column":23},"end":{"line":170,"column":1}},"49":{"start":{"line":131,"column":4},"end":{"line":169,"column":5}},"50":{"start":{"line":132,"column":23},"end":{"line":132,"column":33}},"51":{"start":{"line":133,"column":37},"end":{"line":133,"column":45}},"52":{"start":{"line":136,"column":8},"end":{"line":138,"column":9}},"53":{"start":{"line":137,"column":12},"end":{"line":137,"column":73}},"54":{"start":{"line":141,"column":8},"end":{"line":143,"column":9}},"55":{"start":{"line":142,"column":12},"end":{"line":142,"column":76}},"56":{"start":{"line":146,"column":35},"end":{"line":146,"column":92}},"57":{"start":{"line":149,"column":28},"end":{"line":152,"column":9}},"58":{"start":{"line":155,"column":23},"end":{"line":158,"column":9}},"59":{"start":{"line":161,"column":8},"end":{"line":163,"column":9}},"60":{"start":{"line":162,"column":12},"end":{"line":162,"column":74}},"61":{"start":{"line":165,"column":8},"end":{"line":165,"column":76}},"62":{"start":{"line":167,"column":8},"end":{"line":167,"column":57}},"63":{"start":{"line":168,"column":8},"end":{"line":168,"column":70}},"64":{"start":{"line":173,"column":0},"end":{"line":179,"column":2}}},"fnMap":{"0":{"name":"(anonymous_0)","decl":{"start":{"line":4,"column":25},"end":{"line":4,"column":26}},"loc":{"start":{"line":4,"column":45},"end":{"line":27,"column":1}},"line":4},"1":{"name":"(anonymous_1)","decl":{"start":{"line":29,"column":26},"end":{"line":29,"column":27}},"loc":{"start":{"line":29,"column":46},"end":{"line":62,"column":1}},"line":29},"2":{"name":"(anonymous_2)","decl":{"start":{"line":64,"column":23},"end":{"line":64,"column":24}},"loc":{"start":{"line":64,"column":43},"end":{"line":94,"column":1}},"line":64},"3":{"name":"(anonymous_3)","decl":{"start":{"line":96,"column":23},"end":{"line":96,"column":24}},"loc":{"start":{"line":96,"column":43},"end":{"line":125,"column":1}},"line":96},"4":{"name":"(anonymous_4)","decl":{"start":{"line":129,"column":23},"end":{"line":129,"column":24}},"loc":{"start":{"line":129,"column":43},"end":{"line":170,"column":1}},"line":129}},"branchMap":{"0":{"loc":{"start":{"line":33,"column":8},"end":{"line":35,"column":9}},"type":"if","locations":[{"start":{"line":33,"column":8},"end":{"line":35,"column":9}},{"start":{},"end":{}}],"line":33},"1":{"loc":{"start":{"line":33,"column":12},"end":{"line":33,"column":62}},"type":"binary-expr","locations":[{"start":{"line":33,"column":12},"end":{"line":33,"column":26}},{"start":{"line":33,"column":30},"end":{"line":33,"column":62}}],"line":33},"2":{"loc":{"start":{"line":50,"column":8},"end":{"line":52,"column":9}},"type":"if","locations":[{"start":{"line":50,"column":8},"end":{"line":52,"column":9}},{"start":{},"end":{}}],"line":50},"3":{"loc":{"start":{"line":70,"column":8},"end":{"line":72,"column":9}},"type":"if","locations":[{"start":{"line":70,"column":8},"end":{"line":72,"column":9}},{"start":{},"end":{}}],"line":70},"4":{"loc":{"start":{"line":70,"column":12},"end":{"line":70,"column":33}},"type":"binary-expr","locations":[{"start":{"line":70,"column":12},"end":{"line":70,"column":17}},{"start":{"line":70,"column":21},"end":{"line":70,"column":33}}],"line":70},"5":{"loc":{"start":{"line":100,"column":8},"end":{"line":102,"column":9}},"type":"if","locations":[{"start":{"line":100,"column":8},"end":{"line":102,"column":9}},{"start":{},"end":{}}],"line":100},"6":{"loc":{"start":{"line":104,"column":8},"end":{"line":106,"column":9}},"type":"if","locations":[{"start":{"line":104,"column":8},"end":{"line":106,"column":9}},{"start":{},"end":{}}],"line":104},"7":{"loc":{"start":{"line":115,"column":8},"end":{"line":117,"column":9}},"type":"if","locations":[{"start":{"line":115,"column":8},"end":{"line":117,"column":9}},{"start":{},"end":{}}],"line":115},"8":{"loc":{"start":{"line":136,"column":8},"end":{"line":138,"column":9}},"type":"if","locations":[{"start":{"line":136,"column":8},"end":{"line":138,"column":9}},{"start":{},"end":{}}],"line":136},"9":{"loc":{"start":{"line":141,"column":8},"end":{"line":143,"column":9}},"type":"if","locations":[{"start":{"line":141,"column":8},"end":{"line":143,"column":9}},{"start":{},"end":{}}],"line":141},"10":{"loc":{"start":{"line":141,"column":12},"end":{"line":141,"column":33}},"type":"binary-expr","locations":[{"start":{"line":141,"column":12},"end":{"line":141,"column":17}},{"start":{"line":141,"column":21},"end":{"line":141,"column":33}}],"line":141},"11":{"loc":{"start":{"line":161,"column":8},"end":{"line":163,"column":9}},"type":"if","locations":[{"start":{"line":161,"column":8},"end":{"line":163,"column":9}},{"start":{},"end":{}}],"line":161}},"s":{"0":1,"1":1,"2":1,"3":1,"4":1,"5":1,"6":1,"7":0,"8":1,"9":1,"10":1,"11":1,"12":1,"13":1,"14":0,"15":0,"16":0,"17":0,"18":0,"19":0,"20":0,"21":0,"22":0,"23":1,"24":0,"25":0,"26":0,"27":0,"28":0,"29":0,"30":0,"31":0,"32":0,"33":0,"34":1,"35":0,"36":0,"37":0,"38":0,"39":0,"40":0,"41":0,"42":0,"43":0,"44":0,"45":0,"46":0,"47":0,"48":1,"49":0,"50":0,"51":0,"52":0,"53":0,"54":0,"55":0,"56":0,"57":0,"58":0,"59":0,"60":0,"61":0,"62":0,"63":0,"64":1},"f":{"0":1,"1":1,"2":0,"3":0,"4":0},"b":{"0":[1,0],"1":[1,1],"2":[0,0],"3":[0,0],"4":[0,0],"5":[0,0],"6":[0,0],"7":[0,0],"8":[0,0],"9":[0,0],"10":[0,0],"11":[0,0]},"_coverageSchema":"1a1c01bbd47fc00a2c39e90264f33305004495a9","hash":"a86c6a0b5527f4af52a7003a18dd3fb80a508ef3"}
,"/home/jigga/CSE341-FINAL-PROJECT/controllers/products.js": {"path":"/home/jigga/CSE341-FINAL-PROJECT/controllers/products.js","statementMap":{"0":{"start":{"line":1,"column":16},"end":{"line":1,"column":43}},"1":{"start":{"line":2,"column":17},"end":{"line":2,"column":44}},"2":{"start":{"line":4,"column":23},"end":{"line":27,"column":1}},"3":{"start":{"line":5,"column":4},"end":{"line":26,"column":5}},"4":{"start":{"line":8,"column":23},"end":{"line":12,"column":19}},"5":{"start":{"line":15,"column":25},"end":{"line":15,"column":47}},"6":{"start":{"line":18,"column":8},"end":{"line":18,"column":58}},"7":{"start":{"line":19,"column":8},"end":{"line":19,"column":39}},"8":{"start":{"line":22,"column":8},"end":{"line":22,"column":57}},"9":{"start":{"line":25,"column":8},"end":{"line":25,"column":87}},"10":{"start":{"line":29,"column":25},"end":{"line":62,"column":1}},"11":{"start":{"line":31,"column":4},"end":{"line":61,"column":5}},"12":{"start":{"line":33,"column":8},"end":{"line":35,"column":9}},"13":{"start":{"line":34,"column":12},"end":{"line":34,"column":72}},"14":{"start":{"line":37,"column":26},"end":{"line":37,"column":53}},"15":{"start":{"line":40,"column":23},"end":{"line":44,"column":37}},"16":{"start":{"line":47,"column":25},"end":{"line":47,"column":47}},"17":{"start":{"line":50,"column":8},"end":{"line":52,"column":9}},"18":{"start":{"line":51,"column":12},"end":{"line":51,"column":72}},"19":{"start":{"line":55,"column":8},"end":{"line":55,"column":58}},"20":{"start":{"line":56,"column":8},"end":{"line":56,"column":42}},"21":{"start":{"line":59,"column":8},"end":{"line":59,"column":56}},"22":{"start":{"line":60,"column":8},"end":{"line":60,"column":91}},"23":{"start":{"line":64,"column":22},"end":{"line":98,"column":1}},"24":{"start":{"line":66,"column":4},"end":{"line":97,"column":5}},"25":{"start":{"line":67,"column":74},"end":{"line":67,"column":82}},"26":{"start":{"line":70,"column":8},"end":{"line":72,"column":9}},"27":{"start":{"line":71,"column":12},"end":{"line":71,"column":79}},"28":{"start":{"line":75,"column":35},"end":{"line":75,"column":90}},"29":{"start":{"line":78,"column":27},"end":{"line":85,"column":9}},"30":{"start":{"line":87,"column":23},"end":{"line":87,"column":69}},"31":{"start":{"line":90,"column":8},"end":{"line":93,"column":11}},"32":{"start":{"line":95,"column":8},"end":{"line":95,"column":54}},"33":{"start":{"line":96,"column":8},"end":{"line":96,"column":66}},"34":{"start":{"line":100,"column":21},"end":{"line":129,"column":1}},"35":{"start":{"line":102,"column":4},"end":{"line":128,"column":5}},"36":{"start":{"line":103,"column":23},"end":{"line":103,"column":33}},"37":{"start":{"line":104,"column":8},"end":{"line":106,"column":9}},"38":{"start":{"line":105,"column":12},"end":{"line":105,"column":86}},"39":{"start":{"line":108,"column":8},"end":{"line":110,"column":9}},"40":{"start":{"line":109,"column":12},"end":{"line":109,"column":73}},"41":{"start":{"line":113,"column":35},"end":{"line":113,"column":90}},"42":{"start":{"line":116,"column":23},"end":{"line":116,"column":84}},"43":{"start":{"line":119,"column":8},"end":{"line":121,"column":9}},"44":{"start":{"line":120,"column":12},"end":{"line":120,"column":73}},"45":{"start":{"line":124,"column":8},"end":{"line":124,"column":75}},"46":{"start":{"line":126,"column":8},"end":{"line":126,"column":56}},"47":{"start":{"line":127,"column":8},"end":{"line":127,"column":69}},"48":{"start":{"line":133,"column":22},"end":{"line":181,"column":1}},"49":{"start":{"line":135,"column":4},"end":{"line":180,"column":5}},"50":{"start":{"line":136,"column":8},"end":{"line":138,"column":9}},"51":{"start":{"line":137,"column":12},"end":{"line":137,"column":86}},"52":{"start":{"line":139,"column":23},"end":{"line":139,"column":33}},"53":{"start":{"line":140,"column":74},"end":{"line":140,"column":82}},"54":{"start":{"line":143,"column":8},"end":{"line":145,"column":9}},"55":{"start":{"line":144,"column":12},"end":{"line":144,"column":79}},"56":{"start":{"line":148,"column":8},"end":{"line":150,"column":9}},"57":{"start":{"line":149,"column":12},"end":{"line":149,"column":73}},"58":{"start":{"line":153,"column":35},"end":{"line":153,"column":90}},"59":{"start":{"line":156,"column":28},"end":{"line":163,"column":9}},"60":{"start":{"line":166,"column":23},"end":{"line":169,"column":9}},"61":{"start":{"line":172,"column":8},"end":{"line":174,"column":9}},"62":{"start":{"line":173,"column":12},"end":{"line":173,"column":73}},"63":{"start":{"line":176,"column":8},"end":{"line":176,"column":75}},"64":{"start":{"line":178,"column":8},"end":{"line":178,"column":56}},"65":{"start":{"line":179,"column":8},"end":{"line":179,"column":69}},"66":{"start":{"line":184,"column":0},"end":{"line":190,"column":2}}},"fnMap":{"0":{"name":"(anonymous_0)","decl":{"start":{"line":4,"column":23},"end":{"line":4,"column":24}},"loc":{"start":{"line":4,"column":43},"end":{"line":27,"column":1}},"line":4},"1":{"name":"(anonymous_1)","decl":{"start":{"line":29,"column":25},"end":{"line":29,"column":26}},"loc":{"start":{"line":29,"column":45},"end":{"line":62,"column":1}},"line":29},"2":{"name":"(anonymous_2)","decl":{"start":{"line":64,"column":22},"end":{"line":64,"column":23}},"loc":{"start":{"line":64,"column":42},"end":{"line":98,"column":1}},"line":64},"3":{"name":"(anonymous_3)","decl":{"start":{"line":100,"column":21},"end":{"line":100,"column":22}},"loc":{"start":{"line":100,"column":41},"end":{"line":129,"column":1}},"line":100},"4":{"name":"(anonymous_4)","decl":{"start":{"line":133,"column":22},"end":{"line":133,"column":23}},"loc":{"start":{"line":133,"column":42},"end":{"line":181,"column":1}},"line":133}},"branchMap":{"0":{"loc":{"start":{"line":33,"column":8},"end":{"line":35,"column":9}},"type":"if","locations":[{"start":{"line":33,"column":8},"end":{"line":35,"column":9}},{"start":{},"end":{}}],"line":33},"1":{"loc":{"start":{"line":33,"column":12},"end":{"line":33,"column":62}},"type":"binary-expr","locations":[{"start":{"line":33,"column":12},"end":{"line":33,"column":26}},{"start":{"line":33,"column":30},"end":{"line":33,"column":62}}],"line":33},"2":{"loc":{"start":{"line":50,"column":8},"end":{"line":52,"column":9}},"type":"if","locations":[{"start":{"line":50,"column":8},"end":{"line":52,"column":9}},{"start":{},"end":{}}],"line":50},"3":{"loc":{"start":{"line":70,"column":8},"end":{"line":72,"column":9}},"type":"if","locations":[{"start":{"line":70,"column":8},"end":{"line":72,"column":9}},{"start":{},"end":{}}],"line":70},"4":{"loc":{"start":{"line":70,"column":12},"end":{"line":70,"column":80}},"type":"binary-expr","locations":[{"start":{"line":70,"column":12},"end":{"line":70,"column":17}},{"start":{"line":70,"column":20},"end":{"line":70,"column":29}},{"start":{"line":70,"column":33},"end":{"line":70,"column":39}},{"start":{"line":70,"column":43},"end":{"line":70,"column":49}},{"start":{"line":70,"column":53},"end":{"line":70,"column":65}},{"start":{"line":70,"column":69},"end":{"line":70,"column":80}}],"line":70},"5":{"loc":{"start":{"line":104,"column":8},"end":{"line":106,"column":9}},"type":"if","locations":[{"start":{"line":104,"column":8},"end":{"line":106,"column":9}},{"start":{},"end":{}}],"line":104},"6":{"loc":{"start":{"line":108,"column":8},"end":{"line":110,"column":9}},"type":"if","locations":[{"start":{"line":108,"column":8},"end":{"line":110,"column":9}},{"start":{},"end":{}}],"line":108},"7":{"loc":{"start":{"line":119,"column":8},"end":{"line":121,"column":9}},"type":"if","locations":[{"start":{"line":119,"column":8},"end":{"line":121,"column":9}},{"start":{},"end":{}}],"line":119},"8":{"loc":{"start":{"line":136,"column":8},"end":{"line":138,"column":9}},"type":"if","locations":[{"start":{"line":136,"column":8},"end":{"line":138,"column":9}},{"start":{},"end":{}}],"line":136},"9":{"loc":{"start":{"line":143,"column":8},"end":{"line":145,"column":9}},"type":"if","locations":[{"start":{"line":143,"column":8},"end":{"line":145,"column":9}},{"start":{},"end":{}}],"line":143},"10":{"loc":{"start":{"line":143,"column":12},"end":{"line":143,"column":80}},"type":"binary-expr","locations":[{"start":{"line":143,"column":12},"end":{"line":143,"column":17}},{"start":{"line":143,"column":20},"end":{"line":143,"column":29}},{"start":{"line":143,"column":33},"end":{"line":143,"column":39}},{"start":{"line":143,"column":43},"end":{"line":143,"column":49}},{"start":{"line":143,"column":53},"end":{"line":143,"column":65}},{"start":{"line":143,"column":69},"end":{"line":143,"column":80}}],"line":143},"11":{"loc":{"start":{"line":148,"column":8},"end":{"line":150,"column":9}},"type":"if","locations":[{"start":{"line":148,"column":8},"end":{"line":150,"column":9}},{"start":{},"end":{}}],"line":148},"12":{"loc":{"start":{"line":172,"column":8},"end":{"line":174,"column":9}},"type":"if","locations":[{"start":{"line":172,"column":8},"end":{"line":174,"column":9}},{"start":{},"end":{}}],"line":172}},"s":{"0":1,"1":1,"2":1,"3":1,"4":1,"5":1,"6":1,"7":0,"8":1,"9":1,"10":1,"11":1,"12":1,"13":1,"14":0,"15":0,"16":0,"17":0,"18":0,"19":0,"20":0,"21":0,"22":0,"23":1,"24":0,"25":0,"26":0,"27":0,"28":0,"29":0,"30":0,"31":0,"32":0,"33":0,"34":1,"35":0,"36":0,"37":0,"38":0,"39":0,"40":0,"41":0,"42":0,"43":0,"44":0,"45":0,"46":0,"47":0,"48":1,"49":0,"50":0,"51":0,"52":0,"53":0,"54":0,"55":0,"56":0,"57":0,"58":0,"59":0,"60":0,"61":0,"62":0,"63":0,"64":0,"65":0,"66":1},"f":{"0":1,"1":1,"2":0,"3":0,"4":0},"b":{"0":[1,0],"1":[1,1],"2":[0,0],"3":[0,0],"4":[0,0,0,0,0,0],"5":[0,0],"6":[0,0],"7":[0,0],"8":[0,0],"9":[0,0],"10":[0,0,0,0,0,0],"11":[0,0],"12":[0,0]},"_coverageSchema":"1a1c01bbd47fc00a2c39e90264f33305004495a9","hash":"61220a032b9df02bb829f07a3c4d42cf4ad8ce64"}
,"/home/jigga/CSE341-FINAL-PROJECT/controllers/productsCart.js": {"path":"/home/jigga/CSE341-FINAL-PROJECT/controllers/productsCart.js","statementMap":{"0":{"start":{"line":1,"column":16},"end":{"line":1,"column":43}},"1":{"start":{"line":2,"column":17},"end":{"line":2,"column":44}},"2":{"start":{"line":4,"column":20},"end":{"line":20,"column":1}},"3":{"start":{"line":5,"column":2},"end":{"line":19,"column":3}},"4":{"start":{"line":6,"column":4},"end":{"line":6,"column":27}},"5":{"start":{"line":7,"column":20},"end":{"line":11,"column":33}},"6":{"start":{"line":14,"column":4},"end":{"line":14,"column":21}},"7":{"start":{"line":16,"column":4},"end":{"line":16,"column":72}},"8":{"start":{"line":18,"column":4},"end":{"line":18,"column":25}}},"fnMap":{"0":{"name":"(anonymous_0)","decl":{"start":{"line":4,"column":20},"end":{"line":4,"column":21}},"loc":{"start":{"line":4,"column":40},"end":{"line":20,"column":1}},"line":4}},"branchMap":{},"s":{"0":1,"1":1,"2":1,"3":0,"4":0,"5":0,"6":0,"7":0,"8":0},"f":{"0":0},"b":{},"_coverageSchema":"1a1c01bbd47fc00a2c39e90264f33305004495a9","hash":"7a93c034bd002601acf097e52d5798f9c854b66d"}
,"/home/jigga/CSE341-FINAL-PROJECT/controllers/users.js": {"path":"/home/jigga/CSE341-FINAL-PROJECT/controllers/users.js","statementMap":{"0":{"start":{"line":1,"column":16},"end":{"line":1,"column":43}},"1":{"start":{"line":2,"column":17},"end":{"line":2,"column":44}},"2":{"start":{"line":5,"column":26},"end":{"line":27,"column":1}},"3":{"start":{"line":7,"column":2},"end":{"line":26,"column":3}},"4":{"start":{"line":8,"column":19},"end":{"line":8,"column":32}},"5":{"start":{"line":9,"column":31},"end":{"line":9,"column":39}},"6":{"start":{"line":11,"column":27},"end":{"line":11,"column":73}},"7":{"start":{"line":13,"column":25},"end":{"line":16,"column":5}},"8":{"start":{"line":18,"column":4},"end":{"line":20,"column":5}},"9":{"start":{"line":19,"column":6},"end":{"line":19,"column":65}},"10":{"start":{"line":22,"column":4},"end":{"line":22,"column":63}},"11":{"start":{"line":24,"column":4},"end":{"line":24,"column":57}},"12":{"start":{"line":25,"column":4},"end":{"line":25,"column":76}},"13":{"start":{"line":30,"column":23},"end":{"line":47,"column":1}},"14":{"start":{"line":32,"column":2},"end":{"line":46,"column":3}},"15":{"start":{"line":33,"column":19},"end":{"line":33,"column":32}},"16":{"start":{"line":34,"column":27},"end":{"line":34,"column":73}},"17":{"start":{"line":36,"column":17},"end":{"line":36,"column":76}},"18":{"start":{"line":38,"column":4},"end":{"line":40,"column":5}},"19":{"start":{"line":39,"column":6},"end":{"line":39,"column":65}},"20":{"start":{"line":42,"column":4},"end":{"line":42,"column":19}},"21":{"start":{"line":44,"column":4},"end":{"line":44,"column":57}},"22":{"start":{"line":45,"column":4},"end":{"line":45,"column":76}},"23":{"start":{"line":50,"column":26},"end":{"line":70,"column":1}},"24":{"start":{"line":52,"column":2},"end":{"line":69,"column":3}},"25":{"start":{"line":53,"column":19},"end":{"line":53,"column":32}},"26":{"start":{"line":54,"column":27},"end":{"line":54,"column":73}},"27":{"start":{"line":56,"column":25},"end":{"line":59,"column":5}},"28":{"start":{"line":61,"column":4},"end":{"line":63,"column":5}},"29":{"start":{"line":62,"column":6},"end":{"line":62,"column":65}},"30":{"start":{"line":65,"column":4},"end":{"line":65,"column":63}},"31":{"start":{"line":67,"column":4},"end":{"line":67,"column":57}},"32":{"start":{"line":68,"column":4},"end":{"line":68,"column":76}},"33":{"start":{"line":71,"column":19},"end":{"line":90,"column":1}},"34":{"start":{"line":73,"column":2},"end":{"line":89,"column":3}},"35":{"start":{"line":74,"column":19},"end":{"line":74,"column":32}},"36":{"start":{"line":75,"column":27},"end":{"line":75,"column":73}},"37":{"start":{"line":78,"column":25},"end":{"line":78,"column":86}},"38":{"start":{"line":81,"column":4},"end":{"line":83,"column":5}},"39":{"start":{"line":82,"column":6},"end":{"line":82,"column":65}},"40":{"start":{"line":85,"column":4},"end":{"line":85,"column":55}},"41":{"start":{"line":87,"column":4},"end":{"line":87,"column":49}},"42":{"start":{"line":88,"column":4},"end":{"line":88,"column":68}},"43":{"start":{"line":91,"column":0},"end":{"line":96,"column":1}}},"fnMap":{"0":{"name":"(anonymous_0)","decl":{"start":{"line":5,"column":26},"end":{"line":5,"column":27}},"loc":{"start":{"line":5,"column":46},"end":{"line":27,"column":1}},"line":5},"1":{"name":"(anonymous_1)","decl":{"start":{"line":30,"column":23},"end":{"line":30,"column":24}},"loc":{"start":{"line":30,"column":43},"end":{"line":47,"column":1}},"line":30},"2":{"name":"(anonymous_2)","decl":{"start":{"line":50,"column":26},"end":{"line":50,"column":27}},"loc":{"start":{"line":50,"column":46},"end":{"line":70,"column":1}},"line":50},"3":{"name":"(anonymous_3)","decl":{"start":{"line":71,"column":19},"end":{"line":71,"column":20}},"loc":{"start":{"line":71,"column":39},"end":{"line":90,"column":1}},"line":71}},"branchMap":{"0":{"loc":{"start":{"line":18,"column":4},"end":{"line":20,"column":5}},"type":"if","locations":[{"start":{"line":18,"column":4},"end":{"line":20,"column":5}},{"start":{},"end":{}}],"line":18},"1":{"loc":{"start":{"line":38,"column":4},"end":{"line":40,"column":5}},"type":"if","locations":[{"start":{"line":38,"column":4},"end":{"line":40,"column":5}},{"start":{},"end":{}}],"line":38},"2":{"loc":{"start":{"line":61,"column":4},"end":{"line":63,"column":5}},"type":"if","locations":[{"start":{"line":61,"column":4},"end":{"line":63,"column":5}},{"start":{},"end":{}}],"line":61},"3":{"loc":{"start":{"line":81,"column":4},"end":{"line":83,"column":5}},"type":"if","locations":[{"start":{"line":81,"column":4},"end":{"line":83,"column":5}},{"start":{},"end":{}}],"line":81}},"s":{"0":1,"1":1,"2":1,"3":0,"4":0,"5":0,"6":0,"7":0,"8":0,"9":0,"10":0,"11":0,"12":0,"13":1,"14":3,"15":3,"16":3,"17":3,"18":0,"19":0,"20":0,"21":3,"22":3,"23":1,"24":0,"25":0,"26":0,"27":0,"28":0,"29":0,"30":0,"31":0,"32":0,"33":1,"34":0,"35":0,"36":0,"37":0,"38":0,"39":0,"40":0,"41":0,"42":0,"43":1},"f":{"0":0,"1":3,"2":0,"3":0},"b":{"0":[0,0],"1":[0,0],"2":[0,0],"3":[0,0]},"_coverageSchema":"1a1c01bbd47fc00a2c39e90264f33305004495a9","hash":"e33ebcc20a9797afaf1b1d3853a3467ab1d743b4"}
,"/home/jigga/CSE341-FINAL-PROJECT/data/database.js": {"path":"/home/jigga/CSE341-FINAL-PROJECT/data/database.js","statementMap":{"0":{"start":{"line":2,"column":22},"end":{"line":2,"column":40}},"1":{"start":{"line":3,"column":15},"end":{"line":3,"column":32}},"2":{"start":{"line":5,"column":0},"end":{"line":5,"column":16}},"3":{"start":{"line":9,"column":15},"end":{"line":22,"column":1}},"4":{"start":{"line":10,"column":4},"end":{"line":13,"column":5}},"5":{"start":{"line":11,"column":8},"end":{"line":11,"column":50}},"6":{"start":{"line":12,"column":8},"end":{"line":12,"column":40}},"7":{"start":{"line":14,"column":4},"end":{"line":21,"column":7}},"8":{"start":{"line":16,"column":8},"end":{"line":16,"column":26}},"9":{"start":{"line":17,"column":8},"end":{"line":17,"column":33}},"10":{"start":{"line":20,"column":8},"end":{"line":20,"column":22}},"11":{"start":{"line":24,"column":20},"end":{"line":29,"column":1}},"12":{"start":{"line":25,"column":4},"end":{"line":27,"column":5}},"13":{"start":{"line":26,"column":8},"end":{"line":26,"column":49}},"14":{"start":{"line":28,"column":4},"end":{"line":28,"column":20}},"15":{"start":{"line":31,"column":0},"end":{"line":34,"column":1}}},"fnMap":{"0":{"name":"(anonymous_0)","decl":{"start":{"line":9,"column":15},"end":{"line":9,"column":16}},"loc":{"start":{"line":9,"column":29},"end":{"line":22,"column":1}},"line":9},"1":{"name":"(anonymous_1)","decl":{"start":{"line":15,"column":10},"end":{"line":15,"column":11}},"loc":{"start":{"line":15,"column":22},"end":{"line":18,"column":5}},"line":15},"2":{"name":"(anonymous_2)","decl":{"start":{"line":19,"column":11},"end":{"line":19,"column":12}},"loc":{"start":{"line":19,"column":20},"end":{"line":21,"column":5}},"line":19},"3":{"name":"(anonymous_3)","decl":{"start":{"line":24,"column":20},"end":{"line":24,"column":21}},"loc":{"start":{"line":24,"column":26},"end":{"line":29,"column":1}},"line":24}},"branchMap":{"0":{"loc":{"start":{"line":10,"column":4},"end":{"line":13,"column":5}},"type":"if","locations":[{"start":{"line":10,"column":4},"end":{"line":13,"column":5}},{"start":{},"end":{}}],"line":10},"1":{"loc":{"start":{"line":25,"column":4},"end":{"line":27,"column":5}},"type":"if","locations":[{"start":{"line":25,"column":4},"end":{"line":27,"column":5}},{"start":{},"end":{}}],"line":25}},"s":{"0":5,"1":5,"2":5,"3":5,"4":0,"5":0,"6":0,"7":0,"8":0,"9":0,"10":0,"11":5,"12":0,"13":0,"14":0,"15":5},"f":{"0":0,"1":0,"2":0,"3":0},"b":{"0":[0,0],"1":[0,0]},"_coverageSchema":"1a1c01bbd47fc00a2c39e90264f33305004495a9","hash":"4452a27659425dc2de63cda4ea27b053fa5c711f"}
,"/home/jigga/CSE341-FINAL-PROJECT/trash/sum.js": {"path":"/home/jigga/CSE341-FINAL-PROJECT/trash/sum.js","statementMap":{"0":{"start":{"line":2,"column":4},"end":{"line":2,"column":17}},"1":{"start":{"line":4,"column":2},"end":{"line":4,"column":23}}},"fnMap":{"0":{"name":"sum","decl":{"start":{"line":1,"column":9},"end":{"line":1,"column":12}},"loc":{"start":{"line":1,"column":19},"end":{"line":3,"column":3}},"line":1}},"branchMap":{},"s":{"0":2,"1":2},"f":{"0":2},"b":{},"_coverageSchema":"1a1c01bbd47fc00a2c39e90264f33305004495a9","hash":"e4d09494c6623b3c76eaa2129ec412e1e034163b"}
}
