TN:
SF:controllers/cart.js
FN:5,(anonymous_0)
FN:46,(anonymous_1)
FN:66,(anonymous_2)
FN:108,(anonymous_3)
FNF:4
FNH:1
FNDA:0,(anonymous_0)
FNDA:1,(anonymous_1)
FNDA:0,(anonymous_2)
FNDA:0,(anonymous_3)
DA:1,1
DA:2,1
DA:5,1
DA:7,0
DA:8,0
DA:9,0
DA:10,0
DA:12,0
DA:15,0
DA:16,0
DA:18,0
DA:19,0
DA:22,0
DA:24,0
DA:30,0
DA:37,0
DA:38,0
DA:40,0
DA:41,0
DA:46,1
DA:48,1
DA:49,1
DA:50,1
DA:52,1
DA:54,0
DA:55,0
DA:58,0
DA:60,1
DA:61,1
DA:66,1
DA:68,0
DA:69,0
DA:70,0
DA:71,0
DA:72,0
DA:73,0
DA:74,0
DA:75,0
DA:77,0
DA:78,0
DA:81,0
DA:91,0
DA:96,0
DA:97,0
DA:100,0
DA:102,0
DA:103,0
DA:108,1
DA:110,0
DA:111,0
DA:112,0
DA:114,0
DA:116,0
DA:117,0
DA:120,0
DA:122,0
DA:123,0
DA:127,1
LF:58
LH:13
BRDA:18,0,0,0
BRDA:18,0,1,0
BRDA:18,1,0,0
BRDA:18,1,1,0
BRDA:19,2,0,0
BRDA:19,2,1,0
BRDA:54,3,0,0
BRDA:54,3,1,0
BRDA:77,4,0,0
BRDA:77,4,1,0
BRDA:77,5,0,0
BRDA:77,5,1,0
BRDA:78,6,0,0
BRDA:78,6,1,0
BRDA:96,7,0,0
BRDA:96,7,1,0
BRDA:116,8,0,0
BRDA:116,8,1,0
BRF:18
BRH:0
end_of_record
TN:
SF:controllers/categories.js
FN:4,(anonymous_0)
FN:29,(anonymous_1)
FN:64,(anonymous_2)
FN:96,(anonymous_3)
FN:129,(anonymous_4)
FNF:5
FNH:2
FNDA:1,(anonymous_0)
FNDA:1,(anonymous_1)
FNDA:0,(anonymous_2)
FNDA:0,(anonymous_3)
FNDA:0,(anonymous_4)
DA:1,1
DA:2,1
DA:4,1
DA:6,1
DA:8,1
DA:15,1
DA:18,1
DA:19,0
DA:22,1
DA:25,1
DA:29,1
DA:31,1
DA:33,1
DA:34,1
DA:37,0
DA:40,0
DA:47,0
DA:50,0
DA:51,0
DA:55,0
DA:56,0
DA:59,0
DA:60,0
DA:64,1
DA:66,0
DA:67,0
DA:70,0
DA:71,0
DA:75,0
DA:78,0
DA:83,0
DA:86,0
DA:91,0
DA:92,0
DA:96,1
DA:98,0
DA:99,0
DA:100,0
DA:101,0
DA:104,0
DA:105,0
DA:109,0
DA:112,0
DA:115,0
DA:116,0
DA:120,0
DA:122,0
DA:123,0
DA:129,1
DA:131,0
DA:132,0
DA:133,0
DA:136,0
DA:137,0
DA:141,0
DA:142,0
DA:146,0
DA:149,0
DA:155,0
DA:161,0
DA:162,0
DA:165,0
DA:167,0
DA:168,0
DA:173,1
LF:65
LH:17
BRDA:33,0,0,1
BRDA:33,0,1,0
BRDA:33,1,0,1
BRDA:33,1,1,1
BRDA:50,2,0,0
BRDA:50,2,1,0
BRDA:70,3,0,0
BRDA:70,3,1,0
BRDA:70,4,0,0
BRDA:70,4,1,0
BRDA:100,5,0,0
BRDA:100,5,1,0
BRDA:104,6,0,0
BRDA:104,6,1,0
BRDA:115,7,0,0
BRDA:115,7,1,0
BRDA:136,8,0,0
BRDA:136,8,1,0
BRDA:141,9,0,0
BRDA:141,9,1,0
BRDA:141,10,0,0
BRDA:141,10,1,0
BRDA:161,11,0,0
BRDA:161,11,1,0
BRF:24
BRH:3
end_of_record
TN:
SF:controllers/products.js
FN:4,(anonymous_0)
FN:29,(anonymous_1)
FN:64,(anonymous_2)
FN:100,(anonymous_3)
FN:133,(anonymous_4)
FNF:5
FNH:2
FNDA:1,(anonymous_0)
FNDA:1,(anonymous_1)
FNDA:0,(anonymous_2)
FNDA:0,(anonymous_3)
FNDA:0,(anonymous_4)
DA:1,1
DA:2,1
DA:4,1
DA:5,1
DA:8,1
DA:15,1
DA:18,1
DA:19,0
DA:22,1
DA:25,1
DA:29,1
DA:31,1
DA:33,1
DA:34,1
DA:37,0
DA:40,0
DA:47,0
DA:50,0
DA:51,0
DA:55,0
DA:56,0
DA:59,0
DA:60,0
DA:64,1
DA:66,0
DA:67,0
DA:70,0
DA:71,0
DA:75,0
DA:78,0
DA:87,0
DA:90,0
DA:95,0
DA:96,0
DA:100,1
DA:102,0
DA:103,0
DA:104,0
DA:105,0
DA:108,0
DA:109,0
DA:113,0
DA:116,0
DA:119,0
DA:120,0
DA:124,0
DA:126,0
DA:127,0
DA:133,1
DA:135,0
DA:136,0
DA:137,0
DA:139,0
DA:140,0
DA:143,0
DA:144,0
DA:148,0
DA:149,0
DA:153,0
DA:156,0
DA:166,0
DA:172,0
DA:173,0
DA:176,0
DA:178,0
DA:179,0
DA:184,1
LF:67
LH:17
BRDA:33,0,0,1
BRDA:33,0,1,0
BRDA:33,1,0,1
BRDA:33,1,1,1
BRDA:50,2,0,0
BRDA:50,2,1,0
BRDA:70,3,0,0
BRDA:70,3,1,0
BRDA:70,4,0,0
BRDA:70,4,1,0
BRDA:70,4,2,0
BRDA:70,4,3,0
BRDA:70,4,4,0
BRDA:70,4,5,0
BRDA:104,5,0,0
BRDA:104,5,1,0
BRDA:108,6,0,0
BRDA:108,6,1,0
BRDA:119,7,0,0
BRDA:119,7,1,0
BRDA:136,8,0,0
BRDA:136,8,1,0
BRDA:143,9,0,0
BRDA:143,9,1,0
BRDA:143,10,0,0
BRDA:143,10,1,0
BRDA:143,10,2,0
BRDA:143,10,3,0
BRDA:143,10,4,0
BRDA:143,10,5,0
BRDA:148,11,0,0
BRDA:148,11,1,0
BRDA:172,12,0,0
BRDA:172,12,1,0
BRF:34
BRH:3
end_of_record
TN:
SF:controllers/productsCart.js
FN:4,(anonymous_0)
FNF:1
FNH:0
FNDA:0,(anonymous_0)
DA:1,1
DA:2,1
DA:4,1
DA:5,0
DA:6,0
DA:7,0
DA:14,0
DA:16,0
DA:18,0
LF:9
LH:3
BRF:0
BRH:0
end_of_record
TN:
SF:controllers/users.js
FN:5,(anonymous_0)
FN:30,(anonymous_1)
FN:50,(anonymous_2)
FN:71,(anonymous_3)
FNF:4
FNH:1
FNDA:0,(anonymous_0)
FNDA:3,(anonymous_1)
FNDA:0,(anonymous_2)
FNDA:0,(anonymous_3)
DA:1,1
DA:2,1
DA:5,1
DA:7,0
DA:8,0
DA:9,0
DA:11,0
DA:13,0
DA:18,0
DA:19,0
DA:22,0
DA:24,0
DA:25,0
DA:30,1
DA:32,3
DA:33,3
DA:34,3
DA:36,3
DA:38,0
DA:39,0
DA:42,0
DA:44,3
DA:45,3
DA:50,1
DA:52,0
DA:53,0
DA:54,0
DA:56,0
DA:61,0
DA:62,0
DA:65,0
DA:67,0
DA:68,0
DA:71,1
DA:73,0
DA:74,0
DA:75,0
DA:78,0
DA:81,0
DA:82,0
DA:85,0
DA:87,0
DA:88,0
DA:91,1
LF:44
LH:13
BRDA:18,0,0,0
BRDA:18,0,1,0
BRDA:38,1,0,0
BRDA:38,1,1,0
BRDA:61,2,0,0
BRDA:61,2,1,0
BRDA:81,3,0,0
BRDA:81,3,1,0
BRF:8
BRH:0
end_of_record
TN:
SF:data/database.js
FN:9,(anonymous_0)
FN:15,(anonymous_1)
FN:19,(anonymous_2)
FN:24,(anonymous_3)
FNF:4
FNH:0
FNDA:0,(anonymous_0)
FNDA:0,(anonymous_1)
FNDA:0,(anonymous_2)
FNDA:0,(anonymous_3)
DA:2,5
DA:3,5
DA:5,5
DA:9,5
DA:10,0
DA:11,0
DA:12,0
DA:14,0
DA:16,0
DA:17,0
DA:20,0
DA:24,5
DA:25,0
DA:26,0
DA:28,0
DA:31,5
LF:16
LH:6
BRDA:10,0,0,0
BRDA:10,0,1,0
BRDA:25,1,0,0
BRDA:25,1,1,0
BRF:4
BRH:0
end_of_record
TN:
SF:trash/sum.js
FN:1,sum
FNF:1
FNH:1
FNDA:2,sum
DA:2,2
DA:4,2
LF:2
LH:2
BRF:0
BRH:0
end_of_record
